INFO: 2021-01-15 20:06:11,535: main() 'Using profile folder /home/jsolis/.config/variety/'
INFO: 2021-01-15 20:06:11,538: perform_upgrade() 'Last run version was 0.8.5 or earlier, current version is 0.8.5'
INFO: 2021-01-15 20:06:11,941: process_command() 'Received command: []'
INFO: 2021-01-15 20:06:11,974: start() 'Using data_path /usr/share/variety'
INFO: 2021-01-15 20:06:11,974: load() 'Jumble loading'
INFO: 2021-01-15 20:06:11,975: _walk_modules() 'Jumble loading module in __init__ from /usr/lib/python3.9/site-packages/variety/plugins/builtin/__init__.py'
INFO: 2021-01-15 20:06:11,976: _walk_modules() 'Jumble loading module in GoodreadsSource from /usr/lib/python3.9/site-packages/variety/plugins/builtin/quotes/GoodreadsSource.py'
INFO: 2021-01-15 20:06:11,984: load() 'Jumble found plugin class: <class 'GoodreadsSource.GoodreadsSource'>: {'name': 'Goodreads', 'description': 'Obtiene citas de Goodreads.com', 'author': 'Peter Levi', 'version': '0.1'}'
INFO: 2021-01-15 20:06:11,984: _walk_modules() 'Jumble loading module in FortuneSource from /usr/lib/python3.9/site-packages/variety/plugins/builtin/quotes/FortuneSource.py'
INFO: 2021-01-15 20:06:11,985: load() 'Jumble found plugin class: <class 'FortuneSource.FortuneSource'>: {'name': 'UNIX fortune program', 'description': 'Displays quotes using the UNIX fortune program. You may want to install additional fortune packs, e.g. fortunes-bofh-excuses.', 'author': 'Dan Jones', 'version': '0.1'}'
INFO: 2021-01-15 20:06:11,985: _walk_modules() 'Jumble loading module in __init__ from /usr/lib/python3.9/site-packages/variety/plugins/builtin/quotes/__init__.py'
INFO: 2021-01-15 20:06:11,986: _walk_modules() 'Jumble loading module in QuotationsPageSource from /usr/lib/python3.9/site-packages/variety/plugins/builtin/quotes/QuotationsPageSource.py'
INFO: 2021-01-15 20:06:11,987: load() 'Jumble found plugin class: <class 'QuotationsPageSource.QuotationsPageSource'>: {'name': 'TheQuotationsPage.com', 'description': 'Obtiene citas de TheQuotationsPage.com', 'author': 'Peter Levi', 'version': '0.1'}'
INFO: 2021-01-15 20:06:11,987: _walk_modules() 'Jumble loading module in UrbanDictionarySource from /usr/lib/python3.9/site-packages/variety/plugins/builtin/quotes/UrbanDictionarySource.py'
INFO: 2021-01-15 20:06:11,988: load() 'Jumble found plugin class: <class 'UrbanDictionarySource.UrbanDictionarySource'>: {'name': 'Urban Dictionary', 'description': 'Displays definitions from Urban Dictionary', 'author': 'James Miller', 'version': '0.1'}'
INFO: 2021-01-15 20:06:11,988: _walk_modules() 'Jumble loading module in LocalFilesSource from /usr/lib/python3.9/site-packages/variety/plugins/builtin/quotes/LocalFilesSource.py'
INFO: 2021-01-15 20:06:11,989: load() 'Jumble found plugin class: <class 'LocalFilesSource.LocalFilesSource'>: {'name': 'Local text files', 'description': 'Displays quotes, defined in local text files.\nPut your own txt files in: ~/.config/variety/pluginconfig/quotes/.\nThe file format is:\n\nquote -- author\n.\nsecond quote -- another author\n.\netc...\n\nExample: http://rvelthuis.de/zips/quotes.txt', 'author': 'Peter Levi', 'version': '0.1'}'
INFO: 2021-01-15 20:06:11,990: _walk_modules() 'Jumble loading module in RedditDownloader from /usr/lib/python3.9/site-packages/variety/plugins/builtin/downloaders/RedditDownloader.py'
INFO: 2021-01-15 20:06:11,990: _walk_modules() 'Jumble loading module in EarthviewDownloader from /usr/lib/python3.9/site-packages/variety/plugins/builtin/downloaders/EarthviewDownloader.py'
INFO: 2021-01-15 20:06:11,992: load() 'Jumble found plugin class: <class 'EarthviewDownloader.EarthviewDownloader'>: {'name': 'EarthviewDownloader', 'description': 'Google Earth View Wallpapers', 'author': 'Peter Levi', 'version': '0.1'}'
INFO: 2021-01-15 20:06:11,992: _walk_modules() 'Jumble loading module in MediaRSSDownloader from /usr/lib/python3.9/site-packages/variety/plugins/builtin/downloaders/MediaRSSDownloader.py'
INFO: 2021-01-15 20:06:11,993: _walk_modules() 'Jumble loading module in WallhavenSource from /usr/lib/python3.9/site-packages/variety/plugins/builtin/downloaders/WallhavenSource.py'
INFO: 2021-01-15 20:06:11,995: load() 'Jumble found plugin class: <class 'WallhavenSource.WallhavenSource'>: {'name': 'WallhavenSource', 'description': 'Configurable source for fetching images from Wallhaven.cc', 'author': 'Peter Levi', 'version': '0.1'}'
INFO: 2021-01-15 20:06:11,996: _walk_modules() 'Jumble loading module in __init__ from /usr/lib/python3.9/site-packages/variety/plugins/builtin/downloaders/__init__.py'
INFO: 2021-01-15 20:06:11,996: _walk_modules() 'Jumble loading module in WallhavenDownloader from /usr/lib/python3.9/site-packages/variety/plugins/builtin/downloaders/WallhavenDownloader.py'
INFO: 2021-01-15 20:06:11,997: _walk_modules() 'Jumble loading module in BingDownloader from /usr/lib/python3.9/site-packages/variety/plugins/builtin/downloaders/BingDownloader.py'
INFO: 2021-01-15 20:06:11,998: load() 'Jumble found plugin class: <class 'BingDownloader.BingDownloader'>: {'name': 'BingDownloader', 'description': 'Foto del día de Bing', 'author': 'Peter Levi', 'version': '0.1'}'
INFO: 2021-01-15 20:06:11,999: _walk_modules() 'Jumble loading module in MediaRSSSource from /usr/lib/python3.9/site-packages/variety/plugins/builtin/downloaders/MediaRSSSource.py'
INFO: 2021-01-15 20:06:12,000: load() 'Jumble found plugin class: <class 'MediaRSSSource.MediaRSSSource'>: {'name': 'MediaRSSSource', 'description': 'Configurable source for fetching images from MediaRSS feeds', 'author': 'Peter Levi', 'version': '0.1'}'
INFO: 2021-01-15 20:06:12,001: _walk_modules() 'Jumble loading module in RedditSource from /usr/lib/python3.9/site-packages/variety/plugins/builtin/downloaders/RedditSource.py'
INFO: 2021-01-15 20:06:12,002: load() 'Jumble found plugin class: <class 'RedditSource.RedditSource'>: {'name': 'RedditSource', 'description': 'Configurable source for fetching images from Reddit', 'author': 'Peter Levi', 'version': '0.1'}'
INFO: 2021-01-15 20:06:12,003: _walk_modules() 'Jumble loading module in APODDownloader from /usr/lib/python3.9/site-packages/variety/plugins/builtin/downloaders/APODDownloader.py'
INFO: 2021-01-15 20:06:12,004: load() 'Jumble found plugin class: <class 'APODDownloader.APODDownloader'>: {'name': 'APODDownloader', 'description': 'NASA Astro Pic of the Day', 'author': 'Peter Levi', 'version': '0.1'}'
INFO: 2021-01-15 20:06:12,004: _walk_modules() 'Jumble loading module in UnsplashDownloader from /usr/lib/python3.9/site-packages/variety/plugins/builtin/downloaders/UnsplashDownloader.py'
INFO: 2021-01-15 20:06:12,005: load() 'Jumble found plugin class: <class 'UnsplashDownloader.UnsplashDownloader'>: {'name': 'UnsplashDownloader', 'description': 'Fotografías de alta resolución de Unsplash.com', 'author': 'Peter Levi', 'version': '0.1'}'
INFO: 2021-01-15 20:06:12,006: _walk_modules() 'Jumble loading module in UnsplashConfigurableSource from /usr/lib/python3.9/site-packages/variety/plugins/builtin/downloaders/UnsplashConfigurableSource.py'
INFO: 2021-01-15 20:06:12,007: load() 'Jumble found plugin class: <class 'UnsplashConfigurableSource.UnsplashConfigurableSource'>: {'name': 'UnsplashConfigurableSource', 'description': 'Configurable source for fetching photos from Unsplash.com', 'author': 'Peter Levi', 'version': '0.1'}'
INFO: 2021-01-15 20:06:12,012: reload_config() 'Creating new downloader for type wallhaven, location https://wallhaven.cc/search?q=like%3Ar2kw5w&page=1'
INFO: 2021-01-15 20:06:12,013: log_options() 'Loaded options:'
INFO: 2021-01-15 20:06:12,014: log_options() 'change_enabled = True'
INFO: 2021-01-15 20:06:12,014: log_options() 'change_interval = 900'
INFO: 2021-01-15 20:06:12,014: log_options() 'change_on_start = False'
INFO: 2021-01-15 20:06:12,014: log_options() 'clipboard_enabled = False'
INFO: 2021-01-15 20:06:12,014: log_options() 'clipboard_hosts = ['wallhaven.cc', 'wallpapers.net', 'flickr.com', 'imgur.com', 'deviantart.com', 'interfacelift.com', 'vladstudio.com', 'imageshack.us', 'deviantart.net', 'imageshack.com']'
INFO: 2021-01-15 20:06:12,014: log_options() 'clipboard_use_whitelist = True'
INFO: 2021-01-15 20:06:12,014: log_options() 'clock_date_font = Inconsolata Italic 30'
INFO: 2021-01-15 20:06:12,014: log_options() 'clock_enabled = False'
INFO: 2021-01-15 20:06:12,014: log_options() 'clock_filter = -density 100 -font `fc-match -f '%{file[0]}' '%CLOCK_FONT_NAME'` -pointsize %CLOCK_FONT_SIZE -gravity SouthEast -fill '#00000044' -annotate 0x0+[%HOFFSET+58]+[%VOFFSET+108] '%H:%M' -fill white -annotate 0x0+[%HOFFSET+60]+[%VOFFSET+110] '%H:%M' -font `fc-match -f '%{file[0]}' '%DATE_FONT_NAME'` -pointsize %DATE_FONT_SIZE -fill '#00000044' -annotate 0x0+[%HOFFSET+58]+[%VOFFSET+58] '%A, %B %d' -fill white -annotate 0x0+[%HOFFSET+60]+[%VOFFSET+60] '%A, %B %d''
INFO: 2021-01-15 20:06:12,014: log_options() 'clock_font = Inconsolata Ultra-Bold Expanded 70'
INFO: 2021-01-15 20:06:12,014: log_options() 'configfile = /home/jsolis/.config/variety/variety.conf'
INFO: 2021-01-15 20:06:12,014: log_options() 'copyto_enabled = True'
INFO: 2021-01-15 20:06:12,014: log_options() 'copyto_folder = Default'
INFO: 2021-01-15 20:06:12,014: log_options() 'desired_color = [115, 210, 22]'
INFO: 2021-01-15 20:06:12,014: log_options() 'desired_color_enabled = False'
INFO: 2021-01-15 20:06:12,014: log_options() 'download_folder = /home/jsolis/.config/variety/Downloaded'
INFO: 2021-01-15 20:06:12,015: log_options() 'download_preference_ratio = 0.9'
INFO: 2021-01-15 20:06:12,015: log_options() 'favorites_folder = /home/jsolis/.config/variety/Favorites'
INFO: 2021-01-15 20:06:12,015: log_options() 'favorites_operations = [['Downloaded', 'Copy'], ['Fetched', 'Move'], ['Others', 'Copy']]'
INFO: 2021-01-15 20:06:12,015: log_options() 'fetched_folder = /home/jsolis/.config/variety/Fetched'
INFO: 2021-01-15 20:06:12,015: log_options() 'filters = [[False, 'Keep original', ''], [False, 'Grayscale', '-type Grayscale'], [False, 'Heavy blur', '-blur 120x40'], [False, 'Soft blur', '-blur 20x7'], [False, 'Oil painting', '-paint 8'], [False, 'Pointilism', '-spread 10 -noise 3'], [False, 'Pixellate', '-scale 3% -scale 3333%']]'
INFO: 2021-01-15 20:06:12,015: log_options() 'icon = Light'
INFO: 2021-01-15 20:06:12,015: log_options() 'lightness_enabled = False'
INFO: 2021-01-15 20:06:12,015: log_options() 'lightness_mode = 0'
INFO: 2021-01-15 20:06:12,015: log_options() 'min_rating = 4'
INFO: 2021-01-15 20:06:12,015: log_options() 'min_rating_enabled = False'
INFO: 2021-01-15 20:06:12,015: log_options() 'min_size = 80'
INFO: 2021-01-15 20:06:12,015: log_options() 'min_size_enabled = True'
INFO: 2021-01-15 20:06:12,015: log_options() 'quota_enabled = True'
INFO: 2021-01-15 20:06:12,015: log_options() 'quota_size = 1000'
INFO: 2021-01-15 20:06:12,015: log_options() 'quotes_authors = '
INFO: 2021-01-15 20:06:12,016: log_options() 'quotes_bg_color = [80, 80, 80]'
INFO: 2021-01-15 20:06:12,016: log_options() 'quotes_bg_opacity = 55'
INFO: 2021-01-15 20:06:12,016: log_options() 'quotes_change_enabled = False'
INFO: 2021-01-15 20:06:12,016: log_options() 'quotes_change_interval = 300'
INFO: 2021-01-15 20:06:12,016: log_options() 'quotes_disabled_sources = ['Urban Dictionary']'
INFO: 2021-01-15 20:06:12,016: log_options() 'quotes_enabled = False'
INFO: 2021-01-15 20:06:12,016: log_options() 'quotes_favorites_file = /home/jsolis/.config/variety/favorite_quotes.txt'
INFO: 2021-01-15 20:06:12,016: log_options() 'quotes_font = Bitstream Charter 30'
INFO: 2021-01-15 20:06:12,016: log_options() 'quotes_hpos = 100'
INFO: 2021-01-15 20:06:12,016: log_options() 'quotes_max_length = 250'
INFO: 2021-01-15 20:06:12,016: log_options() 'quotes_tags = '
INFO: 2021-01-15 20:06:12,016: log_options() 'quotes_text_color = [255, 255, 255]'
INFO: 2021-01-15 20:06:12,016: log_options() 'quotes_text_shadow = False'
INFO: 2021-01-15 20:06:12,016: log_options() 'quotes_vpos = 40'
INFO: 2021-01-15 20:06:12,016: log_options() 'quotes_width = 70'
INFO: 2021-01-15 20:06:12,017: log_options() 'safe_mode = False'
INFO: 2021-01-15 20:06:12,017: log_options() 'slideshow_custom_enabled = False'
INFO: 2021-01-15 20:06:12,017: log_options() 'slideshow_custom_folder = /home/jsolis/OneDrive/Imágenes'
INFO: 2021-01-15 20:06:12,017: log_options() 'slideshow_downloads_enabled = False'
INFO: 2021-01-15 20:06:12,017: log_options() 'slideshow_fade = 0.4'
INFO: 2021-01-15 20:06:12,017: log_options() 'slideshow_favorites_enabled = True'
INFO: 2021-01-15 20:06:12,017: log_options() 'slideshow_mode = Fullscreen'
INFO: 2021-01-15 20:06:12,017: log_options() 'slideshow_monitor = All'
INFO: 2021-01-15 20:06:12,017: log_options() 'slideshow_pan = 0.05'
INFO: 2021-01-15 20:06:12,017: log_options() 'slideshow_seconds = 6.0'
INFO: 2021-01-15 20:06:12,017: log_options() 'slideshow_sort_order = Random'
INFO: 2021-01-15 20:06:12,017: log_options() 'slideshow_sources_enabled = True'
INFO: 2021-01-15 20:06:12,017: log_options() 'slideshow_zoom = 0.2'
INFO: 2021-01-15 20:06:12,017: log_options() 'smart_enabled = False'
INFO: 2021-01-15 20:06:12,017: log_options() 'smart_notice_shown = False'
INFO: 2021-01-15 20:06:12,017: log_options() 'smart_register_shown = False'
INFO: 2021-01-15 20:06:12,018: log_options() 'sources = [[False, 'favorites', 'The Favorites folder'], [False, 'fetched', 'The Fetched folder'], [False, 'folder', '/usr/share/backgrounds'], [False, 'flickr', 'user:www.flickr.com/photos/peter-levi/;user_id:93647178@N00;'], [False, 'apod', "NASA's Astronomy Picture of the Day"], [False, 'bing', 'Bing Photo of the Day'], [False, 'earthview', 'Google Earth View Wallpapers'], [False, 'unsplash', 'High-resolution photos from Unsplash.com'], [False, 'wallhaven', 'https://wallhaven.cc/search?q=like%3A4lkqey&page=3'], [False, 'wallhaven', 'https://wallhaven.cc/search?q=archlinux&categories=100&purity=100&sorting=date_added&order=desc&page=1'], [True, 'wallhaven', 'https://wallhaven.cc/search?q=like%3Ar2kw5w&page=1'], [False, 'wallhaven', 'https://wallhaven.cc/search?q=id:64913'], [False, 'chromeos', 'Chrome OS Wallpapers'], [False, 'desktoppr', 'Random wallpapers from Desktoppr.co']]'
INFO: 2021-01-15 20:06:12,018: log_options() 'stats_enabled = True'
INFO: 2021-01-15 20:06:12,018: log_options() 'stats_notice_shown = False'
INFO: 2021-01-15 20:06:12,018: log_options() 'sync_enabled = True'
INFO: 2021-01-15 20:06:12,018: log_options() 'use_landscape_enabled = False'
INFO: 2021-01-15 20:06:12,018: reload_config() 'No need to clear prepared queue'
INFO: 2021-01-15 20:06:12,018: update_indicator() 'Setting file info to: /home/jsolis/.config/variety/Downloaded/wallhaven_wallhaven_cc_search_q_like_3Ar2kw5w_page_1/wallhaven-4grm3d.jpg'
INFO: 2021-01-15 20:06:12,024: load_last_change_time() 'Change interval < 6 hours, ignore persisted last_change_time, wait initially the whole interval: 900'
INFO: 2021-01-15 20:06:12,025: update_indicator() 'Setting file info to: /home/jsolis/.config/variety/Downloaded/wallhaven_wallhaven_cc_search_q_like_3Ar2kw5w_page_1/wallhaven-4grm3d.jpg'
INFO: 2021-01-15 20:06:12,026: regular_change_thread() 'regular_change thread running'
INFO: 2021-01-15 20:06:12,028: prepare_thread() 'Prepare thread running'
INFO: 2021-01-15 20:06:12,031: prepare_thread() 'Prepared buffer contains 0 images'
INFO: 2021-01-15 20:06:12,031: prepare_thread() 'Preparing some images'
INFO: 2021-01-15 20:06:12,038: update_indicator_icon() 'Creating indicator'
WARNING: 2021-01-15 20:06:12,075: create_menu() 'Variety Slideshow is not installed. This is an optional extension adding pan-and-zoom slideshows to Variety: see https://github.com/peterlevi/variety-slideshow for details'
INFO: 2021-01-15 20:06:12,076: create_indicator() 'indicator backend: AppIndicator3'
INFO: 2021-01-15 20:06:12,125: do_set_wp() 'Calling do_set_wp with /home/jsolis/.config/variety/Downloaded/wallhaven_wallhaven_cc_search_q_like_3Ar2kw5w_page_1/wallhaven-4grm3d.jpg, time: 1610751972.1250014'
INFO: 2021-01-15 20:06:12,166: set_from_theme_icon() 'Showing indicator icon variety-indicator from GTK theme'
INFO: 2021-01-15 20:06:12,174: prepare_thread() 'After search prepared buffer contains 16 images'
INFO: 2021-01-15 20:06:12,202: update_indicator() 'Setting file info to: /home/jsolis/.config/variety/Downloaded/wallhaven_wallhaven_cc_search_q_like_3Ar2kw5w_page_1/wallhaven-4grm3d.jpg'
INFO: 2021-01-15 20:06:12,206: list_files() 'More than 1 files in the folders, stop listing'
INFO: 2021-01-15 20:06:13,733: reload() 'Reloading preferences dialog'
INFO: 2021-01-15 20:06:14,174: trigger_download() 'Triggering download thread to check if download needed'
INFO: 2021-01-15 20:06:32,045: server_options_thread() 'Fetching server options from http://tiny.cc/variety-options-063'
INFO: 2021-01-15 20:06:34,424: server_options_thread() 'Fetched server options: {'flickr': {'min_fill_queue_interval': 1200, 'min_download_interval': 1200}, 'wallbase': {'min_fill_queue_interval': 1800, 'min_download_interval': 1800}, 'wallhaven': {'min_fill_queue_interval': 1800, 'min_download_interval': 1800}, 'wallpapers.net': {'min_fill_queue_interval': 601, 'min_download_interval': 0}, 'unsplash': {'min_fill_queue_interval': 20000000000, 'min_download_interval': 20000000000}, 'unsplash_v2': {'min_fill_queue_interval': 2000, 'min_download_interval': 1200}, 'status_message': {'0.0.1': '', '*': ''}}'
INFO: 2021-01-15 20:06:46,199: process_command() 'Received command: ['-n']'
INFO: 2021-01-15 20:06:46,203: set_wallpaper() 'Calling set_wallpaper with /home/jsolis/.config/variety/Downloaded/wallhaven_wallhaven_cc_search_q_like_3Ar2kw5w_page_1/wallhaven-958pd8.jpg'
INFO: 2021-01-15 20:06:46,204: prepare_thread() 'Prepared buffer contains 15 images'
INFO: 2021-01-15 20:06:46,204: do_set_wp() 'Calling do_set_wp with /home/jsolis/.config/variety/Downloaded/wallhaven_wallhaven_cc_search_q_like_3Ar2kw5w_page_1/wallhaven-958pd8.jpg, time: 1610752006.2047195'
INFO: 2021-01-15 20:06:46,252: update_indicator() 'Setting file info to: /home/jsolis/.config/variety/Downloaded/wallhaven_wallhaven_cc_search_q_like_3Ar2kw5w_page_1/wallhaven-958pd8.jpg'
INFO: 2021-01-15 20:06:46,255: list_files() 'More than 1 files in the folders, stop listing'
INFO: 2021-01-15 20:06:48,204: trigger_download() 'Triggering download thread to check if download needed'
INFO: 2021-01-15 20:06:48,205: get_throttling() 'Wallhaven.cc: parsing serverside options'
INFO: 2021-01-15 20:06:48,205: get_throttling() 'Wallhaven.cc serverside options: {'min_fill_queue_interval': 1800, 'min_download_interval': 1800}'
INFO: 2021-01-15 20:06:48,205: get_throttling() 'Wallhaven.cc: parsing serverside options'
INFO: 2021-01-15 20:06:48,205: get_throttling() 'Wallhaven.cc serverside options: {'min_fill_queue_interval': 1800, 'min_download_interval': 1800}'
INFO: 2021-01-15 20:06:48,205: download_one() 'Wallhaven.cc: Downloading an image, config: https://wallhaven.cc/search?q=like%3Ar2kw5w&page=1'
INFO: 2021-01-15 20:06:48,205: download_one() 'Wallhaven.cc: Queue size: 0'
INFO: 2021-01-15 20:06:48,205: get_throttling() 'Wallhaven.cc: parsing serverside options'
INFO: 2021-01-15 20:06:48,205: get_throttling() 'Wallhaven.cc serverside options: {'min_fill_queue_interval': 1800, 'min_download_interval': 1800}'
INFO: 2021-01-15 20:06:48,205: download_one() 'Wallhaven.cc: Filling queue'
INFO: 2021-01-15 20:06:48,206: search() 'Performing wallhaven search: url=https://wallhaven.cc/search?q=like%3Ar2kw5w&page=1'
INFO: 2021-01-15 20:06:48,657: process_command() 'Received command: ['-n']'
INFO: 2021-01-15 20:06:48,662: set_wallpaper() 'Calling set_wallpaper with /home/jsolis/.config/variety/Downloaded/wallhaven_wallhaven_cc_search_q_like_3Ar2kw5w_page_1/wallhaven-vgjm38.jpg'
INFO: 2021-01-15 20:06:48,662: prepare_thread() 'Prepared buffer contains 14 images'
INFO: 2021-01-15 20:06:48,663: do_set_wp() 'Calling do_set_wp with /home/jsolis/.config/variety/Downloaded/wallhaven_wallhaven_cc_search_q_like_3Ar2kw5w_page_1/wallhaven-vgjm38.jpg, time: 1610752008.6631098'
INFO: 2021-01-15 20:06:48,702: update_indicator() 'Setting file info to: /home/jsolis/.config/variety/Downloaded/wallhaven_wallhaven_cc_search_q_like_3Ar2kw5w_page_1/wallhaven-vgjm38.jpg'
INFO: 2021-01-15 20:06:48,705: list_files() 'More than 1 files in the folders, stop listing'
INFO: 2021-01-15 20:06:48,762: fill_queue() '1631 wallpapers in result, using page 2'
INFO: 2021-01-15 20:06:48,762: search() 'Performing wallhaven search: url=https://wallhaven.cc/search?q=like%3Ar2kw5w&page=1&page=2'
INFO: 2021-01-15 20:06:49,841: download_one() 'Wallhaven.cc: Queue populated with 1 URLs'
INFO: 2021-01-15 20:06:49,842: download_queue_item() 'Wallpaper URL: https://wallhaven.cc/w/xl6m1o'
INFO: 2021-01-15 20:06:50,663: trigger_download() 'Triggering download thread to check if download needed'
INFO: 2021-01-15 20:06:50,822: process_command() 'Received command: ['-n']'
INFO: 2021-01-15 20:06:50,828: set_wallpaper() 'Calling set_wallpaper with /home/jsolis/.config/variety/Downloaded/wallhaven_wallhaven_cc_search_q_like_3Ar2kw5w_page_1/wallhaven-95ze9w.jpg'
INFO: 2021-01-15 20:06:50,828: prepare_thread() 'Prepared buffer contains 13 images'
INFO: 2021-01-15 20:06:50,829: do_set_wp() 'Calling do_set_wp with /home/jsolis/.config/variety/Downloaded/wallhaven_wallhaven_cc_search_q_like_3Ar2kw5w_page_1/wallhaven-95ze9w.jpg, time: 1610752010.8292131'
INFO: 2021-01-15 20:06:50,884: update_indicator() 'Setting file info to: /home/jsolis/.config/variety/Downloaded/wallhaven_wallhaven_cc_search_q_like_3Ar2kw5w_page_1/wallhaven-95ze9w.jpg'
INFO: 2021-01-15 20:06:50,887: list_files() 'More than 1 files in the folders, stop listing'
INFO: 2021-01-15 20:06:50,936: download_queue_item() 'Image src URL: https://w.wallhaven.cc/full/xl/wallhaven-xl6m1o.jpg'
INFO: 2021-01-15 20:06:50,942: save_locally() 'Origin URL: https://wallhaven.cc/w/xl6m1o'
INFO: 2021-01-15 20:06:50,942: save_locally() 'Image URL: https://w.wallhaven.cc/full/xl/wallhaven-xl6m1o.jpg'
INFO: 2021-01-15 20:06:50,942: save_locally() 'Local path: /home/jsolis/.config/variety/Downloaded/wallhaven_wallhaven_cc_search_q_like_3Ar2kw5w_page_1/wallhaven-xl6m1o.jpg'
INFO: 2021-01-15 20:06:50,942: save_locally() 'File already exists, skip downloading'
INFO: 2021-01-15 20:06:52,829: trigger_download() 'Triggering download thread to check if download needed'
INFO: 2021-01-15 20:06:56,635: process_command() 'Received command: ['-n']'
INFO: 2021-01-15 20:06:56,641: set_wallpaper() 'Calling set_wallpaper with /home/jsolis/.config/variety/Downloaded/wallhaven_wallhaven_cc_search_q_like_3Ar2kw5w_page_1/wallhaven-4yyzwg.jpg'
INFO: 2021-01-15 20:06:56,641: prepare_thread() 'Prepared buffer contains 12 images'
INFO: 2021-01-15 20:06:56,642: do_set_wp() 'Calling do_set_wp with /home/jsolis/.config/variety/Downloaded/wallhaven_wallhaven_cc_search_q_like_3Ar2kw5w_page_1/wallhaven-4yyzwg.jpg, time: 1610752016.6423817'
INFO: 2021-01-15 20:06:56,682: update_indicator() 'Setting file info to: /home/jsolis/.config/variety/Downloaded/wallhaven_wallhaven_cc_search_q_like_3Ar2kw5w_page_1/wallhaven-4yyzwg.jpg'
INFO: 2021-01-15 20:06:56,685: list_files() 'More than 1 files in the folders, stop listing'
INFO: 2021-01-15 20:06:58,642: trigger_download() 'Triggering download thread to check if download needed'
INFO: 2021-01-15 20:09:58,643: get_throttling() 'Wallhaven.cc: parsing serverside options'
INFO: 2021-01-15 20:09:58,643: get_throttling() 'Wallhaven.cc serverside options: {'min_fill_queue_interval': 1800, 'min_download_interval': 1800}'
INFO: 2021-01-15 20:09:58,643: get_throttling() 'Wallhaven.cc: parsing serverside options'
INFO: 2021-01-15 20:09:58,643: get_throttling() 'Wallhaven.cc serverside options: {'min_fill_queue_interval': 1800, 'min_download_interval': 1800}'
INFO: 2021-01-15 20:09:58,643: download_one() 'Wallhaven.cc: Downloading an image, config: https://wallhaven.cc/search?q=like%3Ar2kw5w&page=1'
INFO: 2021-01-15 20:09:58,644: download_one() 'Wallhaven.cc: Queue size: 0'
INFO: 2021-01-15 20:09:58,644: get_throttling() 'Wallhaven.cc: parsing serverside options'
INFO: 2021-01-15 20:09:58,644: get_throttling() 'Wallhaven.cc serverside options: {'min_fill_queue_interval': 1800, 'min_download_interval': 1800}'
INFO: 2021-01-15 20:09:58,644: download_one() 'Wallhaven.cc: Filling queue'
INFO: 2021-01-15 20:09:58,644: search() 'Performing wallhaven search: url=https://wallhaven.cc/search?q=like%3Ar2kw5w&page=1'
INFO: 2021-01-15 20:09:59,180: fill_queue() '1631 wallpapers in result, using page 7'
INFO: 2021-01-15 20:09:59,180: search() 'Performing wallhaven search: url=https://wallhaven.cc/search?q=like%3Ar2kw5w&page=1&page=7'
INFO: 2021-01-15 20:09:59,703: download_one() 'Wallhaven.cc: Queue still empty after fill request'
INFO: 2021-01-15 20:11:01,632: process_command() 'Received command: ['-n']'
INFO: 2021-01-15 20:11:01,639: set_wallpaper() 'Calling set_wallpaper with /home/jsolis/.config/variety/Downloaded/wallhaven_wallhaven_cc_search_q_like_3Ar2kw5w_page_1/wallhaven-eo32pl.jpg'
INFO: 2021-01-15 20:11:01,639: prepare_thread() 'Prepared buffer contains 11 images'
INFO: 2021-01-15 20:11:01,640: do_set_wp() 'Calling do_set_wp with /home/jsolis/.config/variety/Downloaded/wallhaven_wallhaven_cc_search_q_like_3Ar2kw5w_page_1/wallhaven-eo32pl.jpg, time: 1610752261.640126'
INFO: 2021-01-15 20:11:01,692: update_indicator() 'Setting file info to: /home/jsolis/.config/variety/Downloaded/wallhaven_wallhaven_cc_search_q_like_3Ar2kw5w_page_1/wallhaven-eo32pl.jpg'
INFO: 2021-01-15 20:11:01,695: list_files() 'More than 1 files in the folders, stop listing'
INFO: 2021-01-15 20:11:03,640: trigger_download() 'Triggering download thread to check if download needed'
INFO: 2021-01-15 20:11:03,640: get_throttling() 'Wallhaven.cc: parsing serverside options'
INFO: 2021-01-15 20:11:03,641: get_throttling() 'Wallhaven.cc serverside options: {'min_fill_queue_interval': 1800, 'min_download_interval': 1800}'
INFO: 2021-01-15 20:11:03,641: get_throttling() 'Wallhaven.cc: parsing serverside options'
INFO: 2021-01-15 20:11:03,641: get_throttling() 'Wallhaven.cc serverside options: {'min_fill_queue_interval': 1800, 'min_download_interval': 1800}'
INFO: 2021-01-15 20:11:03,641: download_one() 'Wallhaven.cc: Downloading an image, config: https://wallhaven.cc/search?q=like%3Ar2kw5w&page=1'
INFO: 2021-01-15 20:11:03,641: download_one() 'Wallhaven.cc: Queue size: 0'
INFO: 2021-01-15 20:11:03,641: get_throttling() 'Wallhaven.cc: parsing serverside options'
INFO: 2021-01-15 20:11:03,641: get_throttling() 'Wallhaven.cc serverside options: {'min_fill_queue_interval': 1800, 'min_download_interval': 1800}'
INFO: 2021-01-15 20:11:03,641: download_one() 'Wallhaven.cc: Filling queue'
INFO: 2021-01-15 20:11:03,641: search() 'Performing wallhaven search: url=https://wallhaven.cc/search?q=like%3Ar2kw5w&page=1'
INFO: 2021-01-15 20:11:04,173: fill_queue() '1631 wallpapers in result, using page 12'
INFO: 2021-01-15 20:11:04,173: search() 'Performing wallhaven search: url=https://wallhaven.cc/search?q=like%3Ar2kw5w&page=1&page=12'
INFO: 2021-01-15 20:11:04,761: download_one() 'Wallhaven.cc: Queue populated with 2 URLs'
INFO: 2021-01-15 20:11:04,761: download_queue_item() 'Wallpaper URL: https://wallhaven.cc/w/gj8oxe'
INFO: 2021-01-15 20:11:05,276: download_queue_item() 'Image src URL: https://w.wallhaven.cc/full/gj/wallhaven-gj8oxe.jpg'
INFO: 2021-01-15 20:11:05,279: save_locally() 'Origin URL: https://wallhaven.cc/w/gj8oxe'
INFO: 2021-01-15 20:11:05,279: save_locally() 'Image URL: https://w.wallhaven.cc/full/gj/wallhaven-gj8oxe.jpg'
INFO: 2021-01-15 20:11:05,279: save_locally() 'Local path: /home/jsolis/.config/variety/Downloaded/wallhaven_wallhaven_cc_search_q_like_3Ar2kw5w_page_1/wallhaven-gj8oxe.jpg'
INFO: 2021-01-15 20:11:05,279: save_locally() 'File already exists, skip downloading'
INFO: 2021-01-15 20:11:05,412: process_command() 'Received command: ['-n']'
INFO: 2021-01-15 20:11:05,416: set_wallpaper() 'Calling set_wallpaper with /home/jsolis/.config/variety/Downloaded/wallhaven_wallhaven_cc_search_q_like_3Ar2kw5w_page_1/wallhaven-vg5v2m.jpg'
INFO: 2021-01-15 20:11:05,416: prepare_thread() 'Prepared buffer contains 10 images'
INFO: 2021-01-15 20:11:05,417: prepare_thread() 'Preparing some images'
INFO: 2021-01-15 20:11:05,417: do_set_wp() 'Calling do_set_wp with /home/jsolis/.config/variety/Downloaded/wallhaven_wallhaven_cc_search_q_like_3Ar2kw5w_page_1/wallhaven-vg5v2m.jpg, time: 1610752265.417436'
INFO: 2021-01-15 20:11:05,488: prepare_thread() 'After search prepared buffer contains 21 images'
INFO: 2021-01-15 20:11:05,535: update_indicator() 'Setting file info to: /home/jsolis/.config/variety/Downloaded/wallhaven_wallhaven_cc_search_q_like_3Ar2kw5w_page_1/wallhaven-vg5v2m.jpg'
INFO: 2021-01-15 20:11:05,544: list_files() 'More than 1 files in the folders, stop listing'
INFO: 2021-01-15 20:11:07,488: trigger_download() 'Triggering download thread to check if download needed'
INFO: 2021-01-15 20:11:09,930: process_command() 'Received command: ['-n']'
INFO: 2021-01-15 20:11:09,943: set_wallpaper() 'Calling set_wallpaper with /home/jsolis/.config/variety/Downloaded/wallhaven_wallhaven_cc_search_q_like_3Ar2kw5w_page_1/wallhaven-4grm3d.jpg'
INFO: 2021-01-15 20:11:09,944: prepare_thread() 'Prepared buffer contains 20 images'
INFO: 2021-01-15 20:11:09,945: do_set_wp() 'Calling do_set_wp with /home/jsolis/.config/variety/Downloaded/wallhaven_wallhaven_cc_search_q_like_3Ar2kw5w_page_1/wallhaven-4grm3d.jpg, time: 1610752269.9450202'
INFO: 2021-01-15 20:11:10,054: update_indicator() 'Setting file info to: /home/jsolis/.config/variety/Downloaded/wallhaven_wallhaven_cc_search_q_like_3Ar2kw5w_page_1/wallhaven-4grm3d.jpg'
INFO: 2021-01-15 20:11:10,062: list_files() 'More than 1 files in the folders, stop listing'
INFO: 2021-01-15 20:11:11,944: trigger_download() 'Triggering download thread to check if download needed'
INFO: 2021-01-15 20:14:11,945: get_throttling() 'Wallhaven.cc: parsing serverside options'
INFO: 2021-01-15 20:14:11,945: get_throttling() 'Wallhaven.cc serverside options: {'min_fill_queue_interval': 1800, 'min_download_interval': 1800}'
INFO: 2021-01-15 20:14:11,945: get_throttling() 'Wallhaven.cc: parsing serverside options'
INFO: 2021-01-15 20:14:11,945: get_throttling() 'Wallhaven.cc serverside options: {'min_fill_queue_interval': 1800, 'min_download_interval': 1800}'
INFO: 2021-01-15 20:14:11,945: download_one() 'Wallhaven.cc: Downloading an image, config: https://wallhaven.cc/search?q=like%3Ar2kw5w&page=1'
INFO: 2021-01-15 20:14:11,945: download_one() 'Wallhaven.cc: Queue size: 1'
INFO: 2021-01-15 20:14:11,945: download_one() 'Wallhaven.cc: Queue populated with 1 URLs'
INFO: 2021-01-15 20:14:11,946: download_queue_item() 'Wallpaper URL: https://wallhaven.cc/w/6qomll'
INFO: 2021-01-15 20:14:12,573: download_queue_item() 'Image src URL: https://w.wallhaven.cc/full/6q/wallhaven-6qomll.jpg'
INFO: 2021-01-15 20:14:12,576: save_locally() 'Origin URL: https://wallhaven.cc/w/6qomll'
INFO: 2021-01-15 20:14:12,576: save_locally() 'Image URL: https://w.wallhaven.cc/full/6q/wallhaven-6qomll.jpg'
INFO: 2021-01-15 20:14:12,577: save_locally() 'Local path: /home/jsolis/.config/variety/Downloaded/wallhaven_wallhaven_cc_search_q_like_3Ar2kw5w_page_1/wallhaven-6qomll.jpg'
INFO: 2021-01-15 20:14:12,577: save_locally() 'File already exists, skip downloading'
INFO: 2021-01-15 20:17:13,578: get_throttling() 'Wallhaven.cc: parsing serverside options'
INFO: 2021-01-15 20:17:13,578: get_throttling() 'Wallhaven.cc serverside options: {'min_fill_queue_interval': 1800, 'min_download_interval': 1800}'
INFO: 2021-01-15 20:17:13,578: get_throttling() 'Wallhaven.cc: parsing serverside options'
INFO: 2021-01-15 20:17:13,578: get_throttling() 'Wallhaven.cc serverside options: {'min_fill_queue_interval': 1800, 'min_download_interval': 1800}'
INFO: 2021-01-15 20:17:13,578: download_one() 'Wallhaven.cc: Downloading an image, config: https://wallhaven.cc/search?q=like%3Ar2kw5w&page=1'
INFO: 2021-01-15 20:17:13,578: download_one() 'Wallhaven.cc: Queue size: 0'
INFO: 2021-01-15 20:17:13,578: get_throttling() 'Wallhaven.cc: parsing serverside options'
INFO: 2021-01-15 20:17:13,578: get_throttling() 'Wallhaven.cc serverside options: {'min_fill_queue_interval': 1800, 'min_download_interval': 1800}'
INFO: 2021-01-15 20:17:13,578: download_one() 'Wallhaven.cc: Filling queue'
INFO: 2021-01-15 20:17:13,578: search() 'Performing wallhaven search: url=https://wallhaven.cc/search?q=like%3Ar2kw5w&page=1'
INFO: 2021-01-15 20:17:14,115: fill_queue() '1631 wallpapers in result, using page 4'
INFO: 2021-01-15 20:17:14,116: search() 'Performing wallhaven search: url=https://wallhaven.cc/search?q=like%3Ar2kw5w&page=1&page=4'
INFO: 2021-01-15 20:17:14,743: download_one() 'Wallhaven.cc: Queue populated with 2 URLs'
INFO: 2021-01-15 20:17:14,743: download_queue_item() 'Wallpaper URL: https://wallhaven.cc/w/95ze9w'
INFO: 2021-01-15 20:17:15,302: download_queue_item() 'Image src URL: https://w.wallhaven.cc/full/95/wallhaven-95ze9w.jpg'
INFO: 2021-01-15 20:17:15,309: save_locally() 'Origin URL: https://wallhaven.cc/w/95ze9w'
INFO: 2021-01-15 20:17:15,309: save_locally() 'Image URL: https://w.wallhaven.cc/full/95/wallhaven-95ze9w.jpg'
INFO: 2021-01-15 20:17:15,310: save_locally() 'Local path: /home/jsolis/.config/variety/Downloaded/wallhaven_wallhaven_cc_search_q_like_3Ar2kw5w_page_1/wallhaven-95ze9w.jpg'
INFO: 2021-01-15 20:17:15,310: save_locally() 'File already exists, skip downloading'
INFO: 2021-01-15 20:20:16,311: get_throttling() 'Wallhaven.cc: parsing serverside options'
INFO: 2021-01-15 20:20:16,311: get_throttling() 'Wallhaven.cc serverside options: {'min_fill_queue_interval': 1800, 'min_download_interval': 1800}'
INFO: 2021-01-15 20:20:16,311: get_throttling() 'Wallhaven.cc: parsing serverside options'
INFO: 2021-01-15 20:20:16,311: get_throttling() 'Wallhaven.cc serverside options: {'min_fill_queue_interval': 1800, 'min_download_interval': 1800}'
INFO: 2021-01-15 20:20:16,312: download_one() 'Wallhaven.cc: Downloading an image, config: https://wallhaven.cc/search?q=like%3Ar2kw5w&page=1'
INFO: 2021-01-15 20:20:16,312: download_one() 'Wallhaven.cc: Queue size: 1'
INFO: 2021-01-15 20:20:16,312: download_one() 'Wallhaven.cc: Queue populated with 1 URLs'
INFO: 2021-01-15 20:20:16,312: download_queue_item() 'Wallpaper URL: https://wallhaven.cc/w/j5vqlw'
INFO: 2021-01-15 20:20:16,814: download_queue_item() 'Image src URL: https://w.wallhaven.cc/full/j5/wallhaven-j5vqlw.jpg'
INFO: 2021-01-15 20:20:16,817: save_locally() 'Origin URL: https://wallhaven.cc/w/j5vqlw'
INFO: 2021-01-15 20:20:16,817: save_locally() 'Image URL: https://w.wallhaven.cc/full/j5/wallhaven-j5vqlw.jpg'
INFO: 2021-01-15 20:20:16,817: save_locally() 'Local path: /home/jsolis/.config/variety/Downloaded/wallhaven_wallhaven_cc_search_q_like_3Ar2kw5w_page_1/wallhaven-j5vqlw.jpg'
INFO: 2021-01-15 20:20:16,817: save_locally() 'File already exists, skip downloading'
INFO: 2021-01-15 20:23:17,819: get_throttling() 'Wallhaven.cc: parsing serverside options'
INFO: 2021-01-15 20:23:17,819: get_throttling() 'Wallhaven.cc serverside options: {'min_fill_queue_interval': 1800, 'min_download_interval': 1800}'
INFO: 2021-01-15 20:23:17,819: get_throttling() 'Wallhaven.cc: parsing serverside options'
INFO: 2021-01-15 20:23:17,819: get_throttling() 'Wallhaven.cc serverside options: {'min_fill_queue_interval': 1800, 'min_download_interval': 1800}'
INFO: 2021-01-15 20:23:17,819: download_one() 'Wallhaven.cc: Downloading an image, config: https://wallhaven.cc/search?q=like%3Ar2kw5w&page=1'
INFO: 2021-01-15 20:23:17,820: download_one() 'Wallhaven.cc: Queue size: 0'
INFO: 2021-01-15 20:23:17,820: get_throttling() 'Wallhaven.cc: parsing serverside options'
INFO: 2021-01-15 20:23:17,820: get_throttling() 'Wallhaven.cc serverside options: {'min_fill_queue_interval': 1800, 'min_download_interval': 1800}'
INFO: 2021-01-15 20:23:17,820: download_one() 'Wallhaven.cc: Filling queue'
INFO: 2021-01-15 20:23:17,820: search() 'Performing wallhaven search: url=https://wallhaven.cc/search?q=like%3Ar2kw5w&page=1'
INFO: 2021-01-15 20:23:18,360: fill_queue() '1631 wallpapers in result, using page 2'
INFO: 2021-01-15 20:23:18,361: search() 'Performing wallhaven search: url=https://wallhaven.cc/search?q=like%3Ar2kw5w&page=1&page=2'
INFO: 2021-01-15 20:23:18,901: download_one() 'Wallhaven.cc: Queue populated with 1 URLs'
INFO: 2021-01-15 20:23:18,901: download_queue_item() 'Wallpaper URL: https://wallhaven.cc/w/xl6m1o'
INFO: 2021-01-15 20:23:19,347: download_queue_item() 'Image src URL: https://w.wallhaven.cc/full/xl/wallhaven-xl6m1o.jpg'
INFO: 2021-01-15 20:23:19,349: save_locally() 'Origin URL: https://wallhaven.cc/w/xl6m1o'
INFO: 2021-01-15 20:23:19,349: save_locally() 'Image URL: https://w.wallhaven.cc/full/xl/wallhaven-xl6m1o.jpg'
INFO: 2021-01-15 20:23:19,349: save_locally() 'Local path: /home/jsolis/.config/variety/Downloaded/wallhaven_wallhaven_cc_search_q_like_3Ar2kw5w_page_1/wallhaven-xl6m1o.jpg'
INFO: 2021-01-15 20:23:19,350: save_locally() 'File already exists, skip downloading'
INFO: 2021-01-15 20:26:11,138: regular_change_thread() 'regular_change changes wallpaper'
INFO: 2021-01-15 20:26:11,138: set_wallpaper() 'Calling set_wallpaper with /home/jsolis/.config/variety/Downloaded/wallhaven_wallhaven_cc_search_q_like_3Ar2kw5w_page_1/wallhaven-42zr96.png'
INFO: 2021-01-15 20:26:11,139: prepare_thread() 'Prepared buffer contains 19 images'
INFO: 2021-01-15 20:26:11,139: do_set_wp() 'Calling do_set_wp with /home/jsolis/.config/variety/Downloaded/wallhaven_wallhaven_cc_search_q_like_3Ar2kw5w_page_1/wallhaven-42zr96.png, time: 1610753171.1396546'
INFO: 2021-01-15 20:26:11,184: update_indicator() 'Setting file info to: /home/jsolis/.config/variety/Downloaded/wallhaven_wallhaven_cc_search_q_like_3Ar2kw5w_page_1/wallhaven-42zr96.png'
INFO: 2021-01-15 20:26:11,189: list_files() 'More than 1 files in the folders, stop listing'
INFO: 2021-01-15 20:26:13,140: trigger_download() 'Triggering download thread to check if download needed'
INFO: 2021-01-15 20:26:13,141: get_throttling() 'Wallhaven.cc: parsing serverside options'
INFO: 2021-01-15 20:26:13,141: get_throttling() 'Wallhaven.cc serverside options: {'min_fill_queue_interval': 1800, 'min_download_interval': 1800}'
INFO: 2021-01-15 20:26:13,141: get_throttling() 'Wallhaven.cc: parsing serverside options'
INFO: 2021-01-15 20:26:13,141: get_throttling() 'Wallhaven.cc serverside options: {'min_fill_queue_interval': 1800, 'min_download_interval': 1800}'
INFO: 2021-01-15 20:26:13,141: download_one() 'Wallhaven.cc: Downloading an image, config: https://wallhaven.cc/search?q=like%3Ar2kw5w&page=1'
INFO: 2021-01-15 20:26:13,141: download_one() 'Wallhaven.cc: Queue size: 0'
INFO: 2021-01-15 20:26:13,141: get_throttling() 'Wallhaven.cc: parsing serverside options'
INFO: 2021-01-15 20:26:13,141: get_throttling() 'Wallhaven.cc serverside options: {'min_fill_queue_interval': 1800, 'min_download_interval': 1800}'
INFO: 2021-01-15 20:26:13,141: download_one() 'Wallhaven.cc: Filling queue'
INFO: 2021-01-15 20:26:13,141: search() 'Performing wallhaven search: url=https://wallhaven.cc/search?q=like%3Ar2kw5w&page=1'
INFO: 2021-01-15 20:26:13,631: fill_queue() '1631 wallpapers in result, using page 2'
INFO: 2021-01-15 20:26:13,631: search() 'Performing wallhaven search: url=https://wallhaven.cc/search?q=like%3Ar2kw5w&page=1&page=2'
INFO: 2021-01-15 20:26:14,244: download_one() 'Wallhaven.cc: Queue populated with 1 URLs'
INFO: 2021-01-15 20:26:14,244: download_queue_item() 'Wallpaper URL: https://wallhaven.cc/w/xl6m1o'
INFO: 2021-01-15 20:26:14,724: download_queue_item() 'Image src URL: https://w.wallhaven.cc/full/xl/wallhaven-xl6m1o.jpg'
INFO: 2021-01-15 20:26:14,727: save_locally() 'Origin URL: https://wallhaven.cc/w/xl6m1o'
INFO: 2021-01-15 20:26:14,727: save_locally() 'Image URL: https://w.wallhaven.cc/full/xl/wallhaven-xl6m1o.jpg'
INFO: 2021-01-15 20:26:14,727: save_locally() 'Local path: /home/jsolis/.config/variety/Downloaded/wallhaven_wallhaven_cc_search_q_like_3Ar2kw5w_page_1/wallhaven-xl6m1o.jpg'
INFO: 2021-01-15 20:26:14,727: save_locally() 'File already exists, skip downloading'
INFO: 2021-01-15 20:29:15,728: get_throttling() 'Wallhaven.cc: parsing serverside options'
INFO: 2021-01-15 20:29:15,729: get_throttling() 'Wallhaven.cc serverside options: {'min_fill_queue_interval': 1800, 'min_download_interval': 1800}'
INFO: 2021-01-15 20:29:15,729: get_throttling() 'Wallhaven.cc: parsing serverside options'
INFO: 2021-01-15 20:29:15,729: get_throttling() 'Wallhaven.cc serverside options: {'min_fill_queue_interval': 1800, 'min_download_interval': 1800}'
INFO: 2021-01-15 20:29:15,729: download_one() 'Wallhaven.cc: Downloading an image, config: https://wallhaven.cc/search?q=like%3Ar2kw5w&page=1'
INFO: 2021-01-15 20:29:15,729: download_one() 'Wallhaven.cc: Queue size: 0'
INFO: 2021-01-15 20:29:15,729: get_throttling() 'Wallhaven.cc: parsing serverside options'
INFO: 2021-01-15 20:29:15,729: get_throttling() 'Wallhaven.cc serverside options: {'min_fill_queue_interval': 1800, 'min_download_interval': 1800}'
INFO: 2021-01-15 20:29:15,729: download_one() 'Wallhaven.cc: Filling queue'
INFO: 2021-01-15 20:29:15,729: search() 'Performing wallhaven search: url=https://wallhaven.cc/search?q=like%3Ar2kw5w&page=1'
INFO: 2021-01-15 20:29:16,543: fill_queue() '1631 wallpapers in result, using page 11'
INFO: 2021-01-15 20:29:16,543: search() 'Performing wallhaven search: url=https://wallhaven.cc/search?q=like%3Ar2kw5w&page=1&page=11'
INFO: 2021-01-15 20:29:17,081: download_one() 'Wallhaven.cc: Queue populated with 2 URLs'
INFO: 2021-01-15 20:29:17,081: download_queue_item() 'Wallpaper URL: https://wallhaven.cc/w/4vkqx5'
INFO: 2021-01-15 20:29:17,666: download_queue_item() 'Image src URL: https://w.wallhaven.cc/full/4v/wallhaven-4vkqx5.jpg'
INFO: 2021-01-15 20:29:17,669: save_locally() 'Origin URL: https://wallhaven.cc/w/4vkqx5'
INFO: 2021-01-15 20:29:17,669: save_locally() 'Image URL: https://w.wallhaven.cc/full/4v/wallhaven-4vkqx5.jpg'
INFO: 2021-01-15 20:29:17,669: save_locally() 'Local path: /home/jsolis/.config/variety/Downloaded/wallhaven_wallhaven_cc_search_q_like_3Ar2kw5w_page_1/wallhaven-4vkqx5.jpg'
INFO: 2021-01-15 20:29:17,669: save_locally() 'File already exists, skip downloading'
INFO: 2021-01-15 20:32:18,671: get_throttling() 'Wallhaven.cc: parsing serverside options'
INFO: 2021-01-15 20:32:18,671: get_throttling() 'Wallhaven.cc serverside options: {'min_fill_queue_interval': 1800, 'min_download_interval': 1800}'
INFO: 2021-01-15 20:32:18,671: get_throttling() 'Wallhaven.cc: parsing serverside options'
INFO: 2021-01-15 20:32:18,671: get_throttling() 'Wallhaven.cc serverside options: {'min_fill_queue_interval': 1800, 'min_download_interval': 1800}'
INFO: 2021-01-15 20:32:18,671: download_one() 'Wallhaven.cc: Downloading an image, config: https://wallhaven.cc/search?q=like%3Ar2kw5w&page=1'
INFO: 2021-01-15 20:32:18,671: download_one() 'Wallhaven.cc: Queue size: 1'
INFO: 2021-01-15 20:32:18,671: download_one() 'Wallhaven.cc: Queue populated with 1 URLs'
INFO: 2021-01-15 20:32:18,671: download_queue_item() 'Wallpaper URL: https://wallhaven.cc/w/481lvy'
INFO: 2021-01-15 20:32:19,175: download_queue_item() 'Image src URL: https://w.wallhaven.cc/full/48/wallhaven-481lvy.jpg'
INFO: 2021-01-15 20:32:19,177: save_locally() 'Origin URL: https://wallhaven.cc/w/481lvy'
INFO: 2021-01-15 20:32:19,177: save_locally() 'Image URL: https://w.wallhaven.cc/full/48/wallhaven-481lvy.jpg'
INFO: 2021-01-15 20:32:19,177: save_locally() 'Local path: /home/jsolis/.config/variety/Downloaded/wallhaven_wallhaven_cc_search_q_like_3Ar2kw5w_page_1/wallhaven-481lvy.jpg'
INFO: 2021-01-15 20:32:19,177: save_locally() 'File already exists, skip downloading'
INFO: 2021-01-15 20:35:20,180: get_throttling() 'Wallhaven.cc: parsing serverside options'
INFO: 2021-01-15 20:35:20,180: get_throttling() 'Wallhaven.cc serverside options: {'min_fill_queue_interval': 1800, 'min_download_interval': 1800}'
INFO: 2021-01-15 20:35:20,180: get_throttling() 'Wallhaven.cc: parsing serverside options'
INFO: 2021-01-15 20:35:20,180: get_throttling() 'Wallhaven.cc serverside options: {'min_fill_queue_interval': 1800, 'min_download_interval': 1800}'
INFO: 2021-01-15 20:35:20,180: download_one() 'Wallhaven.cc: Downloading an image, config: https://wallhaven.cc/search?q=like%3Ar2kw5w&page=1'
INFO: 2021-01-15 20:35:20,180: download_one() 'Wallhaven.cc: Queue size: 0'
INFO: 2021-01-15 20:35:20,180: get_throttling() 'Wallhaven.cc: parsing serverside options'
INFO: 2021-01-15 20:35:20,180: get_throttling() 'Wallhaven.cc serverside options: {'min_fill_queue_interval': 1800, 'min_download_interval': 1800}'
INFO: 2021-01-15 20:35:20,180: download_one() 'Wallhaven.cc: Filling queue'
INFO: 2021-01-15 20:35:20,180: search() 'Performing wallhaven search: url=https://wallhaven.cc/search?q=like%3Ar2kw5w&page=1'
INFO: 2021-01-15 20:35:20,672: fill_queue() '1631 wallpapers in result, using page 1'
INFO: 2021-01-15 20:35:20,672: search() 'Performing wallhaven search: url=https://wallhaven.cc/search?q=like%3Ar2kw5w&page=1&page=1'
INFO: 2021-01-15 20:35:21,156: download_one() 'Wallhaven.cc: Queue populated with 2 URLs'
INFO: 2021-01-15 20:35:21,156: download_queue_item() 'Wallpaper URL: https://wallhaven.cc/w/4d2jol'
INFO: 2021-01-15 20:35:21,649: download_queue_item() 'Image src URL: https://w.wallhaven.cc/full/4d/wallhaven-4d2jol.jpg'
INFO: 2021-01-15 20:35:21,652: save_locally() 'Origin URL: https://wallhaven.cc/w/4d2jol'
INFO: 2021-01-15 20:35:21,652: save_locally() 'Image URL: https://w.wallhaven.cc/full/4d/wallhaven-4d2jol.jpg'
INFO: 2021-01-15 20:35:21,652: save_locally() 'Local path: /home/jsolis/.config/variety/Downloaded/wallhaven_wallhaven_cc_search_q_like_3Ar2kw5w_page_1/wallhaven-4d2jol.jpg'
INFO: 2021-01-15 20:35:21,652: save_locally() 'File already exists, skip downloading'
INFO: 2021-01-15 20:38:22,653: get_throttling() 'Wallhaven.cc: parsing serverside options'
INFO: 2021-01-15 20:38:22,653: get_throttling() 'Wallhaven.cc serverside options: {'min_fill_queue_interval': 1800, 'min_download_interval': 1800}'
INFO: 2021-01-15 20:38:22,653: get_throttling() 'Wallhaven.cc: parsing serverside options'
INFO: 2021-01-15 20:38:22,653: get_throttling() 'Wallhaven.cc serverside options: {'min_fill_queue_interval': 1800, 'min_download_interval': 1800}'
INFO: 2021-01-15 20:38:22,653: download_one() 'Wallhaven.cc: Downloading an image, config: https://wallhaven.cc/search?q=like%3Ar2kw5w&page=1'
INFO: 2021-01-15 20:38:22,653: download_one() 'Wallhaven.cc: Queue size: 1'
INFO: 2021-01-15 20:38:22,653: download_one() 'Wallhaven.cc: Queue populated with 1 URLs'
INFO: 2021-01-15 20:38:22,653: download_queue_item() 'Wallpaper URL: https://wallhaven.cc/w/4grm3d'
INFO: 2021-01-15 20:38:23,129: download_queue_item() 'Image src URL: https://w.wallhaven.cc/full/4g/wallhaven-4grm3d.jpg'
INFO: 2021-01-15 20:38:23,132: save_locally() 'Origin URL: https://wallhaven.cc/w/4grm3d'
INFO: 2021-01-15 20:38:23,132: save_locally() 'Image URL: https://w.wallhaven.cc/full/4g/wallhaven-4grm3d.jpg'
INFO: 2021-01-15 20:38:23,132: save_locally() 'Local path: /home/jsolis/.config/variety/Downloaded/wallhaven_wallhaven_cc_search_q_like_3Ar2kw5w_page_1/wallhaven-4grm3d.jpg'
INFO: 2021-01-15 20:38:25,381: save_locally() 'Download complete'
INFO: 2021-01-15 20:38:25,381: update_indicator() 'Setting file info to: /home/jsolis/.config/variety/Downloaded/wallhaven_wallhaven_cc_search_q_like_3Ar2kw5w_page_1/wallhaven-42zr96.png'
INFO: 2021-01-15 20:38:25,396: download_one_from() 'Adding downloaded file /home/jsolis/.config/variety/Downloaded/wallhaven_wallhaven_cc_search_q_like_3Ar2kw5w_page_1/wallhaven-4grm3d.jpg to unseen_downloads'
INFO: 2021-01-15 20:38:26,398: get_throttling() 'Wallhaven.cc: parsing serverside options'
INFO: 2021-01-15 20:38:26,398: get_throttling() 'Wallhaven.cc serverside options: {'min_fill_queue_interval': 1800, 'min_download_interval': 1800}'
INFO: 2021-01-15 20:38:26,398: get_throttling() 'Wallhaven.cc: parsing serverside options'
INFO: 2021-01-15 20:38:26,398: get_throttling() 'Wallhaven.cc serverside options: {'min_fill_queue_interval': 1800, 'min_download_interval': 1800}'
INFO: 2021-01-15 20:38:26,398: download_one() 'Wallhaven.cc: Downloading an image, config: https://wallhaven.cc/search?q=like%3Ar2kw5w&page=1'
INFO: 2021-01-15 20:38:26,398: download_one() 'Wallhaven.cc: Queue size: 0'
INFO: 2021-01-15 20:38:26,398: get_throttling() 'Wallhaven.cc: parsing serverside options'
INFO: 2021-01-15 20:38:26,398: get_throttling() 'Wallhaven.cc serverside options: {'min_fill_queue_interval': 1800, 'min_download_interval': 1800}'
INFO: 2021-01-15 20:38:26,398: download_one() 'Wallhaven.cc: Filling queue'
INFO: 2021-01-15 20:38:26,398: search() 'Performing wallhaven search: url=https://wallhaven.cc/search?q=like%3Ar2kw5w&page=1'
INFO: 2021-01-15 20:38:26,998: fill_queue() '1631 wallpapers in result, using page 8'
INFO: 2021-01-15 20:38:26,999: search() 'Performing wallhaven search: url=https://wallhaven.cc/search?q=like%3Ar2kw5w&page=1&page=8'
INFO: 2021-01-15 20:38:27,661: download_one() 'Wallhaven.cc: Queue populated with 2 URLs'
INFO: 2021-01-15 20:38:27,661: download_queue_item() 'Wallpaper URL: https://wallhaven.cc/w/nr12w1'
INFO: 2021-01-15 20:38:28,215: download_queue_item() 'Image src URL: https://w.wallhaven.cc/full/nr/wallhaven-nr12w1.jpg'
INFO: 2021-01-15 20:38:28,217: save_locally() 'Origin URL: https://wallhaven.cc/w/nr12w1'
INFO: 2021-01-15 20:38:28,217: save_locally() 'Image URL: https://w.wallhaven.cc/full/nr/wallhaven-nr12w1.jpg'
INFO: 2021-01-15 20:38:28,217: save_locally() 'Local path: /home/jsolis/.config/variety/Downloaded/wallhaven_wallhaven_cc_search_q_like_3Ar2kw5w_page_1/wallhaven-nr12w1.jpg'
INFO: 2021-01-15 20:38:31,693: save_locally() 'Download complete'
INFO: 2021-01-15 20:38:31,693: update_indicator() 'Setting file info to: /home/jsolis/.config/variety/Downloaded/wallhaven_wallhaven_cc_search_q_like_3Ar2kw5w_page_1/wallhaven-42zr96.png'
INFO: 2021-01-15 20:38:31,694: list_files() 'More than 1 files in the folders, stop listing'
INFO: 2021-01-15 20:38:31,694: download_one_from() 'Adding downloaded file /home/jsolis/.config/variety/Downloaded/wallhaven_wallhaven_cc_search_q_like_3Ar2kw5w_page_1/wallhaven-nr12w1.jpg to unseen_downloads'
INFO: 2021-01-15 20:38:32,696: get_throttling() 'Wallhaven.cc: parsing serverside options'
INFO: 2021-01-15 20:38:32,696: get_throttling() 'Wallhaven.cc serverside options: {'min_fill_queue_interval': 1800, 'min_download_interval': 1800}'
INFO: 2021-01-15 20:38:32,696: get_throttling() 'Wallhaven.cc: parsing serverside options'
INFO: 2021-01-15 20:38:32,696: get_throttling() 'Wallhaven.cc serverside options: {'min_fill_queue_interval': 1800, 'min_download_interval': 1800}'
INFO: 2021-01-15 20:38:32,696: download_one() 'Wallhaven.cc: Downloading an image, config: https://wallhaven.cc/search?q=like%3Ar2kw5w&page=1'
INFO: 2021-01-15 20:38:32,696: download_one() 'Wallhaven.cc: Queue size: 1'
INFO: 2021-01-15 20:38:32,696: download_one() 'Wallhaven.cc: Queue populated with 1 URLs'
INFO: 2021-01-15 20:38:32,696: download_queue_item() 'Wallpaper URL: https://wallhaven.cc/w/4oye25'
INFO: 2021-01-15 20:38:33,761: download_queue_item() 'Image src URL: https://w.wallhaven.cc/full/4o/wallhaven-4oye25.jpg'
INFO: 2021-01-15 20:38:33,764: save_locally() 'Origin URL: https://wallhaven.cc/w/4oye25'
INFO: 2021-01-15 20:38:33,764: save_locally() 'Image URL: https://w.wallhaven.cc/full/4o/wallhaven-4oye25.jpg'
INFO: 2021-01-15 20:38:33,764: save_locally() 'Local path: /home/jsolis/.config/variety/Downloaded/wallhaven_wallhaven_cc_search_q_like_3Ar2kw5w_page_1/wallhaven-4oye25.jpg'
INFO: 2021-01-15 20:38:34,366: on_quit() 'Quitting'
